<?xml version="1.0" encoding="UTF-8"?>
<testsuite xmlns:xsi="http://www.w3.org/2001/XMLSchema-instance" xsi:schemaLocation="https://maven.apache.org/surefire/maven-surefire-plugin/xsd/surefire-test-report.xsd" name="org.ow2.easywsdl.wsdl.test.util.InputStreamForkerTest" time="0.001" tests="6" errors="0" skipped="0" failures="0">
  <properties>
[...]
</properties>
  <testcase name="testReadFullAtOnce" classname="org.ow2.easywsdl.wsdl.test.util.InputStreamForkerTest" time="0"/>
  <testcase name="testPartialReadAndClose" classname="org.ow2.easywsdl.wsdl.test.util.InputStreamForkerTest" time="0"/>
  <testcase name="testAvailableWithReading" classname="org.ow2.easywsdl.wsdl.test.util.InputStreamForkerTest" time="0"/>
  <testcase name="testClosedInputStreamWithException" classname="org.ow2.easywsdl.wsdl.test.util.InputStreamForkerTest" time="0"/>
  <testcase name="testClosedInputStreamNoException" classname="org.ow2.easywsdl.wsdl.test.util.InputStreamForkerTest" time="0.001"/>
  <testcase name="testReadPartial" classname="org.ow2.easywsdl.wsdl.test.util.InputStreamForkerTest" time="0"/>
</testsuite>